1999.09.18 20:52 B D:\cosc2320\error.c <-- uofh /buffalo/c/coscifz/cosc2320 error.c
1999.09.18 20:52 B D:\cosc2320\error.cpp <-- uofh /buffalo/c/coscifz/cosc2320 error.cpp
1999.09.18 20:52 B D:\cosc2320\error.h <-- uofh /buffalo/c/coscifz/cosc2320 error.h
1999.09.18 20:52 B D:\cosc2320\poly.h <-- uofh /buffalo/c/coscifz/cosc2320 poly.h
1999.09.18 20:52 B D:\cosc2320\polyL.c <-- uofh /buffalo/c/coscifz/cosc2320 polyL.c
1999.09.18 20:52 B D:\cosc2320\polytest.c <-- uofh /buffalo/c/coscifz/cosc2320 polytest.c
1999.09.18 20:52 B D:\cosc2320\queue.h <-- uofh /buffalo/c/coscifz/cosc2320 queue.h
1999.09.18 20:52 B D:\cosc2320\queueA.c <-- uofh /buffalo/c/coscifz/cosc2320 queueA.c
1999.09.18 20:52 B D:\cosc2320\queuetest.c <-- uofh /buffalo/c/coscifz/cosc2320 queuetest.c
1999.09.18 20:52 B D:\cosc2320\stack.h <-- uofh /buffalo/c/coscifz/cosc2320 stack.h
1999.09.18 20:52 B D:\cosc2320\stackA.c <-- uofh /buffalo/c/coscifz/cosc2320 stackA.c
1999.09.18 20:52 B D:\cosc2320\stackclass.cpp <-- uofh /buffalo/c/coscifz/cosc2320 stackclass.cpp
1999.09.18 20:52 B D:\cosc2320\stackclass.h <-- uofh /buffalo/c/coscifz/cosc2320 stackclass.h
1999.09.18 20:52 B D:\cosc2320\stackclasstest.cpp <-- uofh /buffalo/c/coscifz/cosc2320 stackclasstest.cpp
1999.09.18 20:52 B D:\cosc2320\stackL.c <-- uofh /buffalo/c/coscifz/cosc2320 stackL.c
1999.09.18 20:52 B D:\cosc2320\stacktest.c <-- uofh /buffalo/c/coscifz/cosc2320 stacktest.c
1999.09.18 20:52 B D:\cosc2320\submit <-- uofh /buffalo/c/coscifz/cosc2320 submit
1999.09.18 20:54 B D:\cosc2320\error.c --> bayou.uh.edu /buffalo/e/edduhon/bin error.c
1999.09.18 20:55 B D:\cosc2320\error.cpp --> bayou.uh.edu /buffalo/e/edduhon/bin error.cpp
1999.09.18 20:55 B D:\cosc2320\error.h --> bayou.uh.edu /buffalo/e/edduhon/bin error.h
1999.09.18 20:55 B D:\cosc2320\poly.h --> bayou.uh.edu /buffalo/e/edduhon/bin poly.h
1999.09.18 20:55 B D:\cosc2320\polyL.c --> bayou.uh.edu /buffalo/e/edduhon/bin polyL.c
1999.09.18 20:55 B D:\cosc2320\polytest.c --> bayou.uh.edu /buffalo/e/edduhon/bin polytest.c
1999.09.18 20:55 B D:\cosc2320\queue.h --> bayou.uh.edu /buffalo/e/edduhon/bin queue.h
1999.09.18 20:55 B D:\cosc2320\queueA.c --> bayou.uh.edu /buffalo/e/edduhon/bin queueA.c
1999.09.18 20:55 B D:\cosc2320\queuetest.c --> bayou.uh.edu /buffalo/e/edduhon/bin queuetest.c
1999.09.18 20:55 B D:\cosc2320\stack.h --> bayou.uh.edu /buffalo/e/edduhon/bin stack.h
1999.09.18 20:55 B D:\cosc2320\stackA.c --> bayou.uh.edu /buffalo/e/edduhon/bin stackA.c
1999.09.18 20:55 B D:\cosc2320\stackclass.cpp --> bayou.uh.edu /buffalo/e/edduhon/bin stackclass.cpp
1999.09.18 20:55 B D:\cosc2320\stackclass.h --> bayou.uh.edu /buffalo/e/edduhon/bin stackclass.h
1999.09.18 20:55 B D:\cosc2320\stackclasstest.cpp --> bayou.uh.edu /buffalo/e/edduhon/bin stackclasstest.cpp
1999.09.18 20:55 B D:\cosc2320\stackL.c --> bayou.uh.edu /buffalo/e/edduhon/bin stackL.c
1999.09.18 20:55 B D:\cosc2320\stacktest.c --> bayou.uh.edu /buffalo/e/edduhon/bin stacktest.c
1999.09.18 20:55 B D:\cosc2320\submit --> bayou.uh.edu /buffalo/e/edduhon/bin submit
1999.09.21 21:12 B D:\cosc2320\error.bak --> bayou.uh.edu /buffalo/e/edduhon error.bak
1999.09.21 21:12 B D:\cosc2320\ERROR.C --> bayou.uh.edu /buffalo/e/edduhon ERROR.C
1999.09.21 21:12 B D:\cosc2320\error.cpp --> bayou.uh.edu /buffalo/e/edduhon error.cpp
1999.09.21 21:12 B D:\cosc2320\error.h --> bayou.uh.edu /buffalo/e/edduhon error.h
1999.09.21 21:12 B D:\cosc2320\ERROR.OBJ --> bayou.uh.edu /buffalo/e/edduhon ERROR.OBJ
1999.09.21 21:12 B D:\cosc2320\poly.h --> bayou.uh.edu /buffalo/e/edduhon poly.h
1999.09.21 21:12 B D:\cosc2320\POLYL.BAK --> bayou.uh.edu /buffalo/e/edduhon POLYL.BAK
1999.09.21 21:12 B D:\cosc2320\polyL.c --> bayou.uh.edu /buffalo/e/edduhon polyL.c
1999.09.21 21:12 B D:\cosc2320\POLYL.OBJ --> bayou.uh.edu /buffalo/e/edduhon POLYL.OBJ
1999.09.21 21:12 B D:\cosc2320\POLYS.EXE --> bayou.uh.edu /buffalo/e/edduhon POLYS.EXE
1999.09.21 21:12 B D:\cosc2320\POLYTEST.BAK --> bayou.uh.edu /buffalo/e/edduhon POLYTEST.BAK
1999.09.21 21:12 B D:\cosc2320\POLYTEST.C --> bayou.uh.edu /buffalo/e/edduhon POLYTEST.C
1999.09.21 21:12 B D:\cosc2320\POLYTEST.OBJ --> bayou.uh.edu /buffalo/e/edduhon POLYTEST.OBJ
1999.09.21 21:12 B D:\cosc2320\queue.h --> bayou.uh.edu /buffalo/e/edduhon queue.h
1999.09.21 21:12 B D:\cosc2320\queueA.c --> bayou.uh.edu /buffalo/e/edduhon queueA.c
1999.09.21 21:12 B D:\cosc2320\queuetest.c --> bayou.uh.edu /buffalo/e/edduhon queuetest.c
1999.09.21 21:12 B D:\cosc2320\stack.h --> bayou.uh.edu /buffalo/e/edduhon stack.h
1999.09.21 21:12 B D:\cosc2320\stackA.c --> bayou.uh.edu /buffalo/e/edduhon stackA.c
1999.09.21 21:12 B D:\cosc2320\stackclass.cpp --> bayou.uh.edu /buffalo/e/edduhon stackclass.cpp
1999.09.21 21:12 B D:\cosc2320\stackclass.h --> bayou.uh.edu /buffalo/e/edduhon stackclass.h
1999.09.21 21:12 B D:\cosc2320\stackclasstest.cpp --> bayou.uh.edu /buffalo/e/edduhon stackclasstest.cpp
1999.09.21 21:12 B D:\cosc2320\stackL.c --> bayou.uh.edu /buffalo/e/edduhon stackL.c
1999.09.21 21:12 B D:\cosc2320\stacktest.c --> bayou.uh.edu /buffalo/e/edduhon stacktest.c
1999.09.21 21:12 B D:\cosc2320\submit --> bayou.uh.edu /buffalo/e/edduhon submit
1999.10.08 22:53 B D:\cosc2320\bst.c <-- uofh /buffalo/c/coscifz/cosc2320 bst.c
1999.10.08 22:53 B D:\cosc2320\bst.h <-- uofh /buffalo/c/coscifz/cosc2320 bst.h
1999.10.08 22:54 B D:\cosc2320\hash.c <-- uofh /buffalo/c/coscifz/cosc2320 hash.c
1999.10.08 22:54 B D:\cosc2320\program2 <-- uofh /buffalo/c/coscifz/cosc2320 program2
1999.10.12 21:26 B D:\cosc2320\bst.c --> bayou.uh.edu /buffalo/e/edduhon bst.c
1999.10.12 21:27 B D:\cosc2320\qlist.c --> bayou.uh.edu /buffalo/e/edduhon qlist.c
1999.10.12 21:27 B D:\cosc2320\qlist.h --> bayou.uh.edu /buffalo/e/edduhon qlist.h
1999.10.12 21:27 B D:\cosc2320\bst.h --> bayou.uh.edu /buffalo/e/edduhon bst.h
1999.10.12 21:28 B D:\cosc2320\readtext.c --> bayou.uh.edu /buffalo/e/edduhon readtext.c
1999.10.12 21:32 B D:\cosc2320\bst.h --> bayou.uh.edu /buffalo/e/edduhon bst.h
1999.10.12 21:46 B D:\cosc2320\readme.txt --> bayou.uh.edu /buffalo/e/edduhon readme.txt
1999.10.19 19:01 B D:\cosc2320\bst.c --> bayou.uh.edu /buffalo/e/edduhon bst.c
1999.10.19 19:01 B D:\cosc2320\bst.h --> bayou.uh.edu /buffalo/e/edduhon bst.h
1999.10.19 19:01 B D:\cosc2320\qlist.c --> bayou.uh.edu /buffalo/e/edduhon qlist.c
1999.10.19 19:01 B D:\cosc2320\qlist.h --> bayou.uh.edu /buffalo/e/edduhon qlist.h
1999.10.19 19:01 B D:\cosc2320\readme.txt --> bayou.uh.edu /buffalo/e/edduhon readme.txt
1999.10.19 19:01 B D:\cosc2320\readtext.c --> bayou.uh.edu /buffalo/e/edduhon readtext.c
1999.11.17 21:49 B D:\COSC2320\FILECOMP.C --> bayou.uh.edu /buffalo/e/edduhon FILECOMP.C
1999.11.17 21:50 B D:\COSC2320\HUFFTREE.C --> bayou.uh.edu /buffalo/e/edduhon HUFFTREE.C
1999.11.17 21:50 B D:\COSC2320\HUFFTREE.H --> bayou.uh.edu /buffalo/e/edduhon HUFFTREE.H
1999.11.17 21:50 B D:\COSC2320\MINHEAP.C --> bayou.uh.edu /buffalo/e/edduhon MINHEAP.C
1999.11.17 21:50 B D:\COSC2320\MINHEAP.H --> bayou.uh.edu /buffalo/e/edduhon MINHEAP.H
1999.11.17 21:57 B D:\COSC2320\filecomp.c --> bayou.uh.edu /buffalo/e/edduhon filecomp.c
1999.11.17 21:57 B D:\COSC2320\hufftree.c --> bayou.uh.edu /buffalo/e/edduhon hufftree.c
1999.11.17 21:58 B D:\COSC2320\hufftree.h --> bayou.uh.edu /buffalo/e/edduhon hufftree.h
1999.11.17 21:58 B D:\COSC2320\minheap.c --> bayou.uh.edu /buffalo/e/edduhon minheap.c
1999.11.17 21:58 B D:\COSC2320\minheap.h --> bayou.uh.edu /buffalo/e/edduhon minheap.h
1999.11.17 22:01 B D:\COSC2320\readme.txt --> bayou.uh.edu /buffalo/e/edduhon readme.txt
