1999.09.18 20:52 B D:\cosc2320\error.c <-- uofh /buffalo/c/coscifz/cosc2320 error.c
1999.09.18 20:52 B D:\cosc2320\error.cpp <-- uofh /buffalo/c/coscifz/cosc2320 error.cpp
1999.09.18 20:52 B D:\cosc2320\error.h <-- uofh /buffalo/c/coscifz/cosc2320 error.h
1999.09.18 20:52 B D:\cosc2320\poly.h <-- uofh /buffalo/c/coscifz/cosc2320 poly.h
1999.09.18 20:52 B D:\cosc2320\polyL.c <-- uofh /buffalo/c/coscifz/cosc2320 polyL.c
1999.09.18 20:52 B D:\cosc2320\polytest.c <-- uofh /buffalo/c/coscifz/cosc2320 polytest.c
1999.09.18 20:52 B D:\cosc2320\queue.h <-- uofh /buffalo/c/coscifz/cosc2320 queue.h
1999.09.18 20:52 B D:\cosc2320\queueA.c <-- uofh /buffalo/c/coscifz/cosc2320 queueA.c
1999.09.18 20:52 B D:\cosc2320\queuetest.c <-- uofh /buffalo/c/coscifz/cosc2320 queuetest.c
1999.09.18 20:52 B D:\cosc2320\stack.h <-- uofh /buffalo/c/coscifz/cosc2320 stack.h
1999.09.18 20:52 B D:\cosc2320\stackA.c <-- uofh /buffalo/c/coscifz/cosc2320 stackA.c
1999.09.18 20:52 B D:\cosc2320\stackclass.cpp <-- uofh /buffalo/c/coscifz/cosc2320 stackclass.cpp
1999.09.18 20:52 B D:\cosc2320\stackclass.h <-- uofh /buffalo/c/coscifz/cosc2320 stackclass.h
1999.09.18 20:52 B D:\cosc2320\stackclasstest.cpp <-- uofh /buffalo/c/coscifz/cosc2320 stackclasstest.cpp
1999.09.18 20:52 B D:\cosc2320\stackL.c <-- uofh /buffalo/c/coscifz/cosc2320 stackL.c
1999.09.18 20:52 B D:\cosc2320\stacktest.c <-- uofh /buffalo/c/coscifz/cosc2320 stacktest.c
1999.09.18 20:52 B D:\cosc2320\submit <-- uofh /buffalo/c/coscifz/cosc2320 submit
1999.09.18 20:54 B D:\cosc2320\error.c --> bayou.uh.edu /buffalo/e/edduhon/bin error.c
1999.09.18 20:55 B D:\cosc2320\error.cpp --> bayou.uh.edu /buffalo/e/edduhon/bin error.cpp
1999.09.18 20:55 B D:\cosc2320\error.h --> bayou.uh.edu /buffalo/e/edduhon/bin error.h
1999.09.18 20:55 B D:\cosc2320\poly.h --> bayou.uh.edu /buffalo/e/edduhon/bin poly.h
1999.09.18 20:55 B D:\cosc2320\polyL.c --> bayou.uh.edu /buffalo/e/edduhon/bin polyL.c
1999.09.18 20:55 B D:\cosc2320\polytest.c --> bayou.uh.edu /buffalo/e/edduhon/bin polytest.c
1999.09.18 20:55 B D:\cosc2320\queue.h --> bayou.uh.edu /buffalo/e/edduhon/bin queue.h
1999.09.18 20:55 B D:\cosc2320\queueA.c --> bayou.uh.edu /buffalo/e/edduhon/bin queueA.c
1999.09.18 20:55 B D:\cosc2320\queuetest.c --> bayou.uh.edu /buffalo/e/edduhon/bin queuetest.c
1999.09.18 20:55 B D:\cosc2320\stack.h --> bayou.uh.edu /buffalo/e/edduhon/bin stack.h
1999.09.18 20:55 B D:\cosc2320\stackA.c --> bayou.uh.edu /buffalo/e/edduhon/bin stackA.c
1999.09.18 20:55 B D:\cosc2320\stackclass.cpp --> bayou.uh.edu /buffalo/e/edduhon/bin stackclass.cpp
1999.09.18 20:55 B D:\cosc2320\stackclass.h --> bayou.uh.edu /buffalo/e/edduhon/bin stackclass.h
1999.09.18 20:55 B D:\cosc2320\stackclasstest.cpp --> bayou.uh.edu /buffalo/e/edduhon/bin stackclasstest.cpp
1999.09.18 20:55 B D:\cosc2320\stackL.c --> bayou.uh.edu /buffalo/e/edduhon/bin stackL.c
1999.09.18 20:55 B D:\cosc2320\stacktest.c --> bayou.uh.edu /buffalo/e/edduhon/bin stacktest.c
1999.09.18 20:55 B D:\cosc2320\submit --> bayou.uh.edu /buffalo/e/edduhon/bin submit
1999.10.23 22:47 B D:\cosc2320\original\bst.c <-- uofh /buffalo/c/coscifz/cosc2320 bst.c
1999.10.23 22:47 B D:\cosc2320\original\bst.h <-- uofh /buffalo/c/coscifz/cosc2320 bst.h
1999.10.23 22:47 B D:\cosc2320\original\error.c <-- uofh /buffalo/c/coscifz/cosc2320 error.c
1999.10.23 22:48 B D:\cosc2320\original\error.cpp <-- uofh /buffalo/c/coscifz/cosc2320 error.cpp
1999.10.23 22:48 B D:\cosc2320\original\error.h <-- uofh /buffalo/c/coscifz/cosc2320 error.h
1999.10.23 22:48 B D:\cosc2320\original\hash.c <-- uofh /buffalo/c/coscifz/cosc2320 hash.c
1999.10.23 22:48 B D:\cosc2320\original\nextword.c <-- uofh /buffalo/c/coscifz/cosc2320 nextword.c
1999.10.23 22:48 B D:\cosc2320\original\poly.h <-- uofh /buffalo/c/coscifz/cosc2320 poly.h
1999.10.23 22:48 B D:\cosc2320\original\polyL.c <-- uofh /buffalo/c/coscifz/cosc2320 polyL.c
1999.10.23 22:48 B D:\cosc2320\original\polytest.c <-- uofh /buffalo/c/coscifz/cosc2320 polytest.c
1999.10.23 22:48 B D:\cosc2320\original\program2 <-- uofh /buffalo/c/coscifz/cosc2320 program2
1999.10.23 22:48 B D:\cosc2320\original\program3 <-- uofh /buffalo/c/coscifz/cosc2320 program3
1999.10.23 22:48 B D:\cosc2320\original\qsort.c <-- uofh /buffalo/c/coscifz/cosc2320 qsort.c
1999.10.23 22:48 B D:\cosc2320\original\queue.h <-- uofh /buffalo/c/coscifz/cosc2320 queue.h
1999.10.23 22:48 B D:\cosc2320\original\queueA.c <-- uofh /buffalo/c/coscifz/cosc2320 queueA.c
1999.10.23 22:48 B D:\cosc2320\original\queuetest.c <-- uofh /buffalo/c/coscifz/cosc2320 queuetest.c
1999.10.23 22:48 B D:\cosc2320\original\stack.h <-- uofh /buffalo/c/coscifz/cosc2320 stack.h
1999.10.23 22:48 B D:\cosc2320\original\stackA.c <-- uofh /buffalo/c/coscifz/cosc2320 stackA.c
1999.10.23 22:48 B D:\cosc2320\original\stackclass.cpp <-- uofh /buffalo/c/coscifz/cosc2320 stackclass.cpp
1999.10.23 22:48 B D:\cosc2320\original\stackclass.h <-- uofh /buffalo/c/coscifz/cosc2320 stackclass.h
1999.10.23 22:48 B D:\cosc2320\original\stackclasstest.cpp <-- uofh /buffalo/c/coscifz/cosc2320 stackclasstest.cpp
1999.10.23 22:48 B D:\cosc2320\original\stackL.c <-- uofh /buffalo/c/coscifz/cosc2320 stackL.c
1999.10.23 22:48 B D:\cosc2320\original\stacktest.c <-- uofh /buffalo/c/coscifz/cosc2320 stacktest.c
1999.10.23 22:48 B D:\cosc2320\original\submit <-- uofh /buffalo/c/coscifz/cosc2320 submit
1999.11.26 08:48 B D:\COSC2320\original\queue.h <-- uofh /buffalo/c/coscifz/cosc2320 queue.h
1999.11.26 08:48 B D:\COSC2320\original\queueA.c <-- uofh /buffalo/c/coscifz/cosc2320 queueA.c
